0 info it worked if it ends with ok
1 verbose cli [ '/usr/local/Cellar/node/7.5.0/bin/node',
1 verbose cli   '/usr/local/bin/npm',
1 verbose cli   'run',
1 verbose cli   'cover' ]
2 info using npm@4.1.2
3 info using node@v7.5.0
4 verbose run-script [ 'precover', 'cover', 'postcover' ]
5 info lifecycle complete-intro-to-react@1.0.0~precover: complete-intro-to-react@1.0.0
6 silly lifecycle complete-intro-to-react@1.0.0~precover: no script for precover, continuing
7 info lifecycle complete-intro-to-react@1.0.0~cover: complete-intro-to-react@1.0.0
8 verbose lifecycle complete-intro-to-react@1.0.0~cover: unsafe-perm in lifecycle true
9 verbose lifecycle complete-intro-to-react@1.0.0~cover: PATH: /usr/local/lib/node_modules/npm/bin/node-gyp-bin:/Users/mkim/Courses/frontend-masters/citr/complete-intro-to-react/node_modules/.bin:/Users/mkim/.rvm/gems/ruby-2.3.3/bin:/Users/mkim/.rvm/gems/ruby-2.3.3@global/bin:/Users/mkim/.rvm/rubies/ruby-2.3.3/bin:/usr/local/bin:/usr/bin:/bin:/usr/sbin:/sbin:/opt/X11/bin:/Users/mkim/Golang/bin:/usr/local/opt/go/libexec/bin:/Applications/Postgres.app/Contents/Versions/latest/bin:/Users/mkim/.rvm/bin
10 verbose lifecycle complete-intro-to-react@1.0.0~cover: CWD: /Users/mkim/Courses/frontend-masters/citr/complete-intro-to-react
11 silly lifecycle complete-intro-to-react@1.0.0~cover: Args: [ '-c', 'npm run test -- --coverage' ]
12 silly lifecycle complete-intro-to-react@1.0.0~cover: Returned: code: 1  signal: null
13 info lifecycle complete-intro-to-react@1.0.0~cover: Failed to exec cover script
14 verbose stack Error: complete-intro-to-react@1.0.0 cover: `npm run test -- --coverage`
14 verbose stack Exit status 1
14 verbose stack     at EventEmitter.<anonymous> (/usr/local/lib/node_modules/npm/lib/utils/lifecycle.js:279:16)
14 verbose stack     at emitTwo (events.js:106:13)
14 verbose stack     at EventEmitter.emit (events.js:192:7)
14 verbose stack     at ChildProcess.<anonymous> (/usr/local/lib/node_modules/npm/lib/utils/spawn.js:40:14)
14 verbose stack     at emitTwo (events.js:106:13)
14 verbose stack     at ChildProcess.emit (events.js:192:7)
14 verbose stack     at maybeClose (internal/child_process.js:890:16)
14 verbose stack     at Process.ChildProcess._handle.onexit (internal/child_process.js:226:5)
15 verbose pkgid complete-intro-to-react@1.0.0
16 verbose cwd /Users/mkim/Courses/frontend-masters/citr/complete-intro-to-react
17 error Darwin 16.4.0
18 error argv "/usr/local/Cellar/node/7.5.0/bin/node" "/usr/local/bin/npm" "run" "cover"
19 error node v7.5.0
20 error npm  v4.1.2
21 error code ELIFECYCLE
22 error complete-intro-to-react@1.0.0 cover: `npm run test -- --coverage`
22 error Exit status 1
23 error Failed at the complete-intro-to-react@1.0.0 cover script 'npm run test -- --coverage'.
23 error Make sure you have the latest version of node.js and npm installed.
23 error If you do, this is most likely a problem with the complete-intro-to-react package,
23 error not with npm itself.
23 error Tell the author that this fails on your system:
23 error     npm run test -- --coverage
23 error You can get information on how to open an issue for this project with:
23 error     npm bugs complete-intro-to-react
23 error Or if that isn't available, you can get their info via:
23 error     npm owner ls complete-intro-to-react
23 error There is likely additional logging output above.
24 verbose exit [ 1, true ]
